<?xml version="1.0" encoding="UTF-8"?>
<!-- Generated by org.testng.reporters.JUnitReportReporter -->
<testsuite hostname="DESKTOP-QP20F3O" failures="0" tests="1" name="basepackage.dashboard_admin" time="10.783" errors="0" timestamp="2024-04-05T15:25:44 NPT" skipped="0">
  <testcase classname="basepackage.dashboard_admin" name="createUser" time="10.783"/>
  <system-out/>
</testsuite> <!-- basepackage.dashboard_admin -->
