<?xml version="1.0" encoding="UTF-8"?>
<!-- Generated by org.testng.reporters.JUnitReportReporter -->
<testsuite hostname="DESKTOP-QP20F3O" failures="0" tests="2" name="basepackage.login" time="3.663" errors="0" timestamp="2024-04-05T13:59:42 NPT" skipped="0">
  <testcase classname="basepackage.login" name="loginWithInvalidCredentials" time="1.746"/>
  <system-out/>
  <testcase classname="basepackage.login" name="loginWithValidCredentials" time="1.917"/>
  <system-out/>
</testsuite> <!-- basepackage.login -->
