<?xml version="1.0" encoding="UTF-8"?>
<!-- Generated by org.testng.reporters.JUnitReportReporter -->
<testsuite hostname="DESKTOP-QP20F3O" failures="0" tests="1" name="basepackage.forgotPassword" time="2.785" errors="0" timestamp="2024-04-05T14:00:04 NPT" skipped="0">
  <testcase classname="basepackage.forgotPassword" name="resetPassword" time="2.785"/>
  <system-out/>
</testsuite> <!-- basepackage.forgotPassword -->
